TN:
SF:public\js\app.js
FN:72,(anonymous_0)
FN:76,(anonymous_1)
FN:83,(anonymous_2)
FN:91,(anonymous_3)
FN:97,fetchQuestions
FN:108,addQuestionToDb
FN:132,deleteQuestionFromDb
FN:153,updateQuestionCount
FN:157,startQuiz
FN:161,(anonymous_9)
FN:177,showQuestion
FN:193,(anonymous_11)
FN:198,(anonymous_12)
FN:207,selectAnswer
FN:211,(anonymous_14)
FN:216,(anonymous_15)
FN:218,(anonymous_16)
FN:222,(anonymous_17)
FN:240,(anonymous_18)
FN:246,showNextQuestion
FN:251,resetTimer
FN:256,(anonymous_21)
FN:276,autoSelectAnswer
FN:282,quitQuiz
FN:287,showResults
FN:320,saveHighScore
FN:328,(anonymous_26)
FN:339,retryQuiz
FN:344,showDashboard
FN:352,showHighScores
FN:364,(anonymous_30)
FN:385,toggleAdminPanel
FN:396,addQuestion
FN:398,(anonymous_33)
FN:398,(anonymous_34)
FN:413,(anonymous_35)
FN:426,renderQuestionList
FN:429,(anonymous_37)
FN:431,(anonymous_38)
FN:439,(anonymous_39)
FN:448,(anonymous_40)
FN:465,deleteQuestion
FN:474,handleFileSelection
FN:487,importQuestions
FN:512,(anonymous_44)
FN:531,(anonymous_45)
FN:553,readFileAsText
FN:554,(anonymous_47)
FN:556,(anonymous_48)
FN:557,(anonymous_49)
FN:562,exportQuestions
FN:576,(anonymous_51)
FNF:52
FNH:0
FNDA:0,(anonymous_0)
FNDA:0,(anonymous_1)
FNDA:0,(anonymous_2)
FNDA:0,(anonymous_3)
FNDA:0,fetchQuestions
FNDA:0,addQuestionToDb
FNDA:0,deleteQuestionFromDb
FNDA:0,updateQuestionCount
FNDA:0,startQuiz
FNDA:0,(anonymous_9)
FNDA:0,showQuestion
FNDA:0,(anonymous_11)
FNDA:0,(anonymous_12)
FNDA:0,selectAnswer
FNDA:0,(anonymous_14)
FNDA:0,(anonymous_15)
FNDA:0,(anonymous_16)
FNDA:0,(anonymous_17)
FNDA:0,(anonymous_18)
FNDA:0,showNextQuestion
FNDA:0,resetTimer
FNDA:0,(anonymous_21)
FNDA:0,autoSelectAnswer
FNDA:0,quitQuiz
FNDA:0,showResults
FNDA:0,saveHighScore
FNDA:0,(anonymous_26)
FNDA:0,retryQuiz
FNDA:0,showDashboard
FNDA:0,showHighScores
FNDA:0,(anonymous_30)
FNDA:0,toggleAdminPanel
FNDA:0,addQuestion
FNDA:0,(anonymous_33)
FNDA:0,(anonymous_34)
FNDA:0,(anonymous_35)
FNDA:0,renderQuestionList
FNDA:0,(anonymous_37)
FNDA:0,(anonymous_38)
FNDA:0,(anonymous_39)
FNDA:0,(anonymous_40)
FNDA:0,deleteQuestion
FNDA:0,handleFileSelection
FNDA:0,importQuestions
FNDA:0,(anonymous_44)
FNDA:0,(anonymous_45)
FNDA:0,readFileAsText
FNDA:0,(anonymous_47)
FNDA:0,(anonymous_48)
FNDA:0,(anonymous_49)
FNDA:0,exportQuestions
FNDA:0,(anonymous_51)
DA:2,0
DA:5,0
DA:6,0
DA:7,0
DA:9,0
DA:10,0
DA:11,0
DA:14,0
DA:15,0
DA:16,0
DA:17,0
DA:18,0
DA:20,0
DA:21,0
DA:22,0
DA:23,0
DA:24,0
DA:25,0
DA:27,0
DA:28,0
DA:29,0
DA:31,0
DA:32,0
DA:33,0
DA:34,0
DA:35,0
DA:36,0
DA:39,0
DA:40,0
DA:41,0
DA:44,0
DA:45,0
DA:46,0
DA:47,0
DA:48,0
DA:49,0
DA:50,0
DA:51,0
DA:52,0
DA:53,0
DA:54,0
DA:55,0
DA:56,0
DA:57,0
DA:58,0
DA:61,0
DA:62,0
DA:63,0
DA:64,0
DA:65,0
DA:66,0
DA:67,0
DA:68,0
DA:69,0
DA:70,0
DA:71,0
DA:72,0
DA:73,0
DA:74,0
DA:76,0
DA:77,0
DA:78,0
DA:79,0
DA:83,0
DA:84,0
DA:85,0
DA:86,0
DA:91,0
DA:93,0
DA:98,0
DA:99,0
DA:100,0
DA:101,0
DA:102,0
DA:104,0
DA:109,0
DA:110,0
DA:118,0
DA:120,0
DA:121,0
DA:123,0
DA:124,0
DA:127,0
DA:128,0
DA:133,0
DA:134,0
DA:138,0
DA:140,0
DA:141,0
DA:143,0
DA:144,0
DA:147,0
DA:148,0
DA:154,0
DA:158,0
DA:161,0
DA:164,0
DA:165,0
DA:168,0
DA:169,0
DA:170,0
DA:172,0
DA:174,0
DA:178,0
DA:181,0
DA:184,0
DA:187,0
DA:190,0
DA:193,0
DA:194,0
DA:195,0
DA:196,0
DA:197,0
DA:198,0
DA:199,0
DA:203,0
DA:204,0
DA:208,0
DA:211,0
DA:212,0
DA:216,0
DA:217,0
DA:218,0
DA:219,0
DA:221,0
DA:222,0
DA:223,0
DA:229,0
DA:230,0
DA:234,0
DA:237,0
DA:238,0
DA:240,0
DA:241,0
DA:247,0
DA:248,0
DA:252,0
DA:253,0
DA:254,0
DA:256,0
DA:257,0
DA:258,0
DA:260,0
DA:261,0
DA:262,0
DA:266,0
DA:267,0
DA:268,0
DA:270,0
DA:271,0
DA:278,0
DA:279,0
DA:283,0
DA:284,0
DA:288,0
DA:290,0
DA:291,0
DA:294,0
DA:295,0
DA:298,0
DA:301,0
DA:302,0
DA:304,0
DA:305,0
DA:306,0
DA:307,0
DA:308,0
DA:309,0
DA:311,0
DA:314,0
DA:317,0
DA:321,0
DA:328,0
DA:331,0
DA:332,0
DA:336,0
DA:340,0
DA:341,0
DA:345,0
DA:346,0
DA:347,0
DA:348,0
DA:349,0
DA:353,0
DA:354,0
DA:356,0
DA:357,0
DA:359,0
DA:360,0
DA:361,0
DA:364,0
DA:365,0
DA:366,0
DA:368,0
DA:369,0
DA:374,0
DA:375,0
DA:376,0
DA:378,0
DA:379,0
DA:381,0
DA:386,0
DA:387,0
DA:388,0
DA:389,0
DA:391,0
DA:392,0
DA:397,0
DA:398,0
DA:399,0
DA:401,0
DA:402,0
DA:403,0
DA:406,0
DA:413,0
DA:414,0
DA:416,0
DA:417,0
DA:418,0
DA:421,0
DA:427,0
DA:429,0
DA:430,0
DA:431,0
DA:434,0
DA:435,0
DA:436,0
DA:439,0
DA:440,0
DA:441,0
DA:442,0
DA:448,0
DA:461,0
DA:466,0
DA:467,0
DA:472,0
DA:475,0
DA:476,0
DA:477,0
DA:478,0
DA:479,0
DA:481,0
DA:482,0
DA:483,0
DA:488,0
DA:489,0
DA:490,0
DA:493,0
DA:495,0
DA:498,0
DA:499,0
DA:501,0
DA:502,0
DA:506,0
DA:507,0
DA:508,0
DA:512,0
DA:513,0
DA:523,0
DA:524,0
DA:525,0
DA:529,0
DA:531,0
DA:534,0
DA:537,0
DA:540,0
DA:541,0
DA:542,0
DA:543,0
DA:545,0
DA:548,0
DA:549,0
DA:554,0
DA:555,0
DA:556,0
DA:557,0
DA:558,0
DA:563,0
DA:564,0
DA:565,0
DA:566,0
DA:567,0
DA:568,0
DA:569,0
DA:573,0
DA:576,0
DA:577,0
LF:287
LH:0
BRDA:10,0,0,0
BRDA:10,0,1,0
BRDA:78,1,0,0
BRDA:78,1,1,0
BRDA:85,2,0,0
BRDA:85,2,1,0
BRDA:118,3,0,0
BRDA:118,3,1,0
BRDA:138,4,0,0
BRDA:138,4,1,0
BRDA:217,5,0,0
BRDA:217,5,1,0
BRDA:221,6,0,0
BRDA:221,6,1,0
BRDA:221,7,0,0
BRDA:221,7,1,0
BRDA:229,8,0,0
BRDA:229,8,1,0
BRDA:237,9,0,0
BRDA:237,9,1,0
BRDA:260,10,0,0
BRDA:260,10,1,0
BRDA:266,11,0,0
BRDA:266,11,1,0
BRDA:304,12,0,0
BRDA:304,12,1,0
BRDA:306,13,0,0
BRDA:306,13,1,0
BRDA:308,14,0,0
BRDA:308,14,1,0
BRDA:331,15,0,0
BRDA:331,15,1,0
BRDA:359,16,0,0
BRDA:359,16,1,0
BRDA:386,17,0,0
BRDA:386,17,1,0
BRDA:401,18,0,0
BRDA:401,18,1,0
BRDA:401,19,0,0
BRDA:401,19,1,0
BRDA:401,19,2,0
BRDA:401,19,3,0
BRDA:401,19,4,0
BRDA:414,20,0,0
BRDA:414,20,1,0
BRDA:426,21,0,0
BRDA:430,22,0,0
BRDA:430,22,1,0
BRDA:434,23,0,0
BRDA:434,23,1,0
BRDA:449,24,0,0
BRDA:449,24,1,0
BRDA:466,25,0,0
BRDA:466,25,1,0
BRDA:476,26,0,0
BRDA:476,26,1,0
BRDA:488,27,0,0
BRDA:488,27,1,0
BRDA:506,28,0,0
BRDA:506,28,1,0
BRDA:514,29,0,0
BRDA:514,29,1,0
BRDA:514,29,2,0
BRDA:514,29,3,0
BRDA:514,29,4,0
BRDA:514,29,5,0
BRDA:523,30,0,0
BRDA:523,30,1,0
BRDA:529,31,0,0
BRDA:529,31,1,0
BRF:70
BRH:0
end_of_record
